

Started GET "/assets/rails.png" for 10.0.2.2 at 2013-03-12 12:45:00 +0000
Connecting to database specified by database.yml
Served asset /rails.png - 304 Not Modified (113ms)


Started GET "/assets/rails.png" for 10.0.2.2 at 2013-03-12 12:45:18 +0000
Served asset /rails.png - 304 Not Modified (1ms)


Started GET "/static_pages/home" for 10.0.2.2 at 2013-03-12 13:00:24 +0000
Connecting to database specified by database.yml

SyntaxError (/home/adrian/dsi/rails_projects/sample_app/app/controllers/static_pages_controller.rb:2: syntax error, unexpected tDOT3):
  activesupport (3.2.12) lib/active_support/dependencies.rb:469:in `load'
  activesupport (3.2.12) lib/active_support/dependencies.rb:469:in `block in load_file'
  activesupport (3.2.12) lib/active_support/dependencies.rb:639:in `new_constants_in'
  activesupport (3.2.12) lib/active_support/dependencies.rb:468:in `load_file'
  activesupport (3.2.12) lib/active_support/dependencies.rb:353:in `require_or_load'
  activesupport (3.2.12) lib/active_support/dependencies.rb:502:in `load_missing_constant'
  activesupport (3.2.12) lib/active_support/dependencies.rb:192:in `block in const_missing'
  activesupport (3.2.12) lib/active_support/dependencies.rb:190:in `each'
  activesupport (3.2.12) lib/active_support/dependencies.rb:190:in `const_missing'
  activesupport (3.2.12) lib/active_support/inflector/methods.rb:230:in `block in constantize'
  activesupport (3.2.12) lib/active_support/inflector/methods.rb:229:in `each'
  activesupport (3.2.12) lib/active_support/inflector/methods.rb:229:in `constantize'
  activesupport (3.2.12) lib/active_support/dependencies.rb:554:in `get'
  actionpack (3.2.12) lib/action_dispatch/routing/route_set.rb:69:in `controller_reference'
  actionpack (3.2.12) lib/action_dispatch/routing/route_set.rb:54:in `controller'
  actionpack (3.2.12) lib/action_dispatch/routing/route_set.rb:32:in `call'
  journey (1.0.4) lib/journey/router.rb:68:in `block in call'
  journey (1.0.4) lib/journey/router.rb:56:in `each'
  journey (1.0.4) lib/journey/router.rb:56:in `call'
  actionpack (3.2.12) lib/action_dispatch/routing/route_set.rb:601:in `call'
  actionpack (3.2.12) lib/action_dispatch/middleware/best_standards_support.rb:17:in `call'
  rack (1.4.5) lib/rack/etag.rb:23:in `call'
  rack (1.4.5) lib/rack/conditionalget.rb:25:in `call'
  actionpack (3.2.12) lib/action_dispatch/middleware/head.rb:14:in `call'
  actionpack (3.2.12) lib/action_dispatch/middleware/params_parser.rb:21:in `call'
  actionpack (3.2.12) lib/action_dispatch/middleware/flash.rb:242:in `call'
  rack (1.4.5) lib/rack/session/abstract/id.rb:210:in `context'
  rack (1.4.5) lib/rack/session/abstract/id.rb:205:in `call'
  actionpack (3.2.12) lib/action_dispatch/middleware/cookies.rb:341:in `call'
  activerecord (3.2.12) lib/active_record/query_cache.rb:64:in `call'
  activerecord (3.2.12) lib/active_record/connection_adapters/abstract/connection_pool.rb:479:in `call'
  actionpack (3.2.12) lib/action_dispatch/middleware/callbacks.rb:28:in `block in call'
  activesupport (3.2.12) lib/active_support/callbacks.rb:405:in `_run__990177490__call__310193321__callbacks'
  activesupport (3.2.12) lib/active_support/callbacks.rb:405:in `__run_callback'
  activesupport (3.2.12) lib/active_support/callbacks.rb:385:in `_run_call_callbacks'
  activesupport (3.2.12) lib/active_support/callbacks.rb:81:in `run_callbacks'
  actionpack (3.2.12) lib/action_dispatch/middleware/callbacks.rb:27:in `call'
  actionpack (3.2.12) lib/action_dispatch/middleware/reloader.rb:65:in `call'
  actionpack (3.2.12) lib/action_dispatch/middleware/remote_ip.rb:31:in `call'
  actionpack (3.2.12) lib/action_dispatch/middleware/debug_exceptions.rb:16:in `call'
  actionpack (3.2.12) lib/action_dispatch/middleware/show_exceptions.rb:56:in `call'
  railties (3.2.12) lib/rails/rack/logger.rb:32:in `call_app'
  railties (3.2.12) lib/rails/rack/logger.rb:16:in `block in call'
  activesupport (3.2.12) lib/active_support/tagged_logging.rb:22:in `tagged'
  railties (3.2.12) lib/rails/rack/logger.rb:16:in `call'
  actionpack (3.2.12) lib/action_dispatch/middleware/request_id.rb:22:in `call'
  rack (1.4.5) lib/rack/methodoverride.rb:21:in `call'
  rack (1.4.5) lib/rack/runtime.rb:17:in `call'
  activesupport (3.2.12) lib/active_support/cache/strategy/local_cache.rb:72:in `call'
  rack (1.4.5) lib/rack/lock.rb:15:in `call'
  actionpack (3.2.12) lib/action_dispatch/middleware/static.rb:62:in `call'
  railties (3.2.12) lib/rails/engine.rb:479:in `call'
  railties (3.2.12) lib/rails/application.rb:223:in `call'
  rack (1.4.5) lib/rack/content_length.rb:14:in `call'
  railties (3.2.12) lib/rails/rack/log_tailer.rb:17:in `call'
  rack (1.4.5) lib/rack/handler/webrick.rb:59:in `service'
  /home/adrian/.rvm/rubies/ruby-1.9.3-p385/lib/ruby/1.9.1/webrick/httpserver.rb:138:in `service'
  /home/adrian/.rvm/rubies/ruby-1.9.3-p385/lib/ruby/1.9.1/webrick/httpserver.rb:94:in `run'
  /home/adrian/.rvm/rubies/ruby-1.9.3-p385/lib/ruby/1.9.1/webrick/server.rb:191:in `block in start_thread'


  Rendered /home/adrian/.rvm/gems/ruby-1.9.3-p385/gems/actionpack-3.2.12/lib/action_dispatch/middleware/templates/rescues/_trace.erb (1.7ms)
  Rendered /home/adrian/.rvm/gems/ruby-1.9.3-p385/gems/actionpack-3.2.12/lib/action_dispatch/middleware/templates/rescues/_request_and_response.erb (10.1ms)
  Rendered /home/adrian/.rvm/gems/ruby-1.9.3-p385/gems/actionpack-3.2.12/lib/action_dispatch/middleware/templates/rescues/diagnostics.erb within rescues/layout (31.0ms)


Started GET "/static_pages/home" for 10.0.2.2 at 2013-03-12 13:03:01 +0000
Processing by StaticPagesController#home as HTML
  Rendered static_pages/home.html.erb within layouts/application (0.6ms)
Compiled static_pages.css  (398ms)  (pid 4272)
Compiled application.css  (502ms)  (pid 4272)
Compiled jquery.js  (5ms)  (pid 4272)
Compiled jquery_ujs.js  (0ms)  (pid 4272)
Compiled static_pages.js  (643ms)  (pid 4272)
Compiled application.js  (1125ms)  (pid 4272)
Completed 200 OK in 2385ms (Views: 2384.5ms | ActiveRecord: 0.0ms)


Started GET "/assets/application.css?body=1" for 10.0.2.2 at 2013-03-12 13:03:04 +0000
Served asset /application.css - 304 Not Modified (33ms)


Started GET "/assets/static_pages.css?body=1" for 10.0.2.2 at 2013-03-12 13:03:04 +0000
Served asset /static_pages.css - 200 OK (23ms)


Started GET "/assets/application.js?body=1" for 10.0.2.2 at 2013-03-12 13:03:04 +0000
Served asset /application.js - 304 Not Modified (44ms)


Started GET "/assets/static_pages.js?body=1" for 10.0.2.2 at 2013-03-12 13:03:04 +0000
Served asset /static_pages.js - 200 OK (17ms)


Started GET "/assets/jquery_ujs.js?body=1" for 10.0.2.2 at 2013-03-12 13:03:04 +0000
Served asset /jquery_ujs.js - 304 Not Modified (33ms)


Started GET "/assets/jquery.js?body=1" for 10.0.2.2 at 2013-03-12 13:03:04 +0000
Served asset /jquery.js - 304 Not Modified (37ms)
Connecting to database specified by database.yml


Started GET "/static_pages/about" for 10.0.2.2 at 2013-03-12 13:27:50 +0000
Connecting to database specified by database.yml
Processing by StaticPagesController#about as HTML
  Rendered static_pages/about.html.erb within layouts/application (10.2ms)
Completed 200 OK in 257ms (Views: 256.1ms | ActiveRecord: 0.0ms)


Started GET "/assets/application.css?body=1" for 10.0.2.2 at 2013-03-12 13:27:52 +0000
Served asset /application.css - 304 Not Modified (42ms)


Started GET "/assets/static_pages.css?body=1" for 10.0.2.2 at 2013-03-12 13:27:52 +0000
Served asset /static_pages.css - 304 Not Modified (19ms)


Started GET "/assets/jquery.js?body=1" for 10.0.2.2 at 2013-03-12 13:27:52 +0000
Served asset /jquery.js - 304 Not Modified (38ms)


Started GET "/assets/application.js?body=1" for 10.0.2.2 at 2013-03-12 13:27:52 +0000
Served asset /application.js - 304 Not Modified (39ms)


Started GET "/assets/static_pages.js?body=1" for 10.0.2.2 at 2013-03-12 13:27:52 +0000
Served asset /static_pages.js - 304 Not Modified (16ms)


Started GET "/assets/jquery_ujs.js?body=1" for 10.0.2.2 at 2013-03-12 13:27:52 +0000
Served asset /jquery_ujs.js - 304 Not Modified (28ms)
Connecting to database specified by database.yml
Connecting to database specified by database.yml


Started GET "/assets/application.css" for 10.0.2.2 at 2013-04-02 13:31:54 +0100
Connecting to database specified by database.yml
Served asset /application.css - 200 OK (270ms)


Started GET "/assets/application.css" for 10.0.2.2 at 2013-04-02 13:35:23 +0100
Served asset /application.css - 304 Not Modified (10ms)


Started GET "/static_pages/home" for 10.0.2.2 at 2013-04-09 13:32:30 +0100
Connecting to database specified by database.yml
Processing by StaticPagesController#home as HTML
  Rendered static_pages/home.html.erb within layouts/application (31.9ms)
Completed 200 OK in 607ms (Views: 606.7ms | ActiveRecord: 0.0ms)


Started GET "/assets/application.css?body=1" for 10.0.2.2 at 2013-04-09 13:32:32 +0100
Served asset /application.css - 200 OK (31ms)


Started GET "/assets/jquery_ujs.js?body=1" for 10.0.2.2 at 2013-04-09 13:32:32 +0100
Served asset /jquery_ujs.js - 200 OK (29ms)


Started GET "/assets/application.js?body=1" for 10.0.2.2 at 2013-04-09 13:32:32 +0100
Served asset /application.js - 200 OK (40ms)


Started GET "/assets/jquery.js?body=1" for 10.0.2.2 at 2013-04-09 13:32:32 +0100
Served asset /jquery.js - 200 OK (34ms)


Started GET "/assets/static_pages.css?body=1" for 10.0.2.2 at 2013-04-09 13:32:32 +0100
Served asset /static_pages.css - 200 OK (48ms)


Started GET "/assets/static_pages.js?body=1" for 10.0.2.2 at 2013-04-09 13:32:33 +0100
Served asset /static_pages.js - 200 OK (18ms)


Started GET "/assets/rails.png" for 10.0.2.2 at 2013-04-09 13:32:33 +0100
Served asset /rails.png - 200 OK (10ms)


Started GET "/static_pages/home" for 10.0.2.2 at 2013-04-09 13:40:25 +0100
Connecting to database specified by database.yml
Processing by StaticPagesController#home as HTML
  Rendered static_pages/home.html.erb within layouts/application (32.2ms)
Compiled custom.css  (3003ms)  (pid 1357)
Compiled application.css  (3150ms)  (pid 1357)
Completed 200 OK in 3777ms (Views: 3776.3ms | ActiveRecord: 0.0ms)


Started GET "/assets/static_pages.css?body=1" for 10.0.2.2 at 2013-04-09 13:40:30 +0100
Served asset /static_pages.css - 304 Not Modified (22ms)


Started GET "/assets/custom.css?body=1" for 10.0.2.2 at 2013-04-09 13:40:30 +0100
Served asset /custom.css - 200 OK (32ms)


Started GET "/assets/application.css?body=1" for 10.0.2.2 at 2013-04-09 13:40:31 +0100
Served asset /application.css - 304 Not Modified (97ms)


Started GET "/assets/rails.png" for 10.0.2.2 at 2013-04-09 13:40:31 +0100
Served asset /rails.png - 304 Not Modified (12ms)


Started GET "/static_pages/home" for 10.0.2.2 at 2013-04-09 13:42:35 +0100
Processing by StaticPagesController#home as HTML
  Rendered static_pages/home.html.erb within layouts/application (0.5ms)
Compiled custom.css  (1267ms)  (pid 1357)
Compiled application.css  (5ms)  (pid 1357)
Completed 200 OK in 1908ms (Views: 1907.9ms | ActiveRecord: 0.0ms)


Started GET "/assets/jquery_ujs.js?body=1" for 10.0.2.2 at 2013-04-09 13:42:37 +0100
Served asset /jquery_ujs.js - 304 Not Modified (34ms)


Started GET "/assets/jquery.js?body=1" for 10.0.2.2 at 2013-04-09 13:42:37 +0100
Served asset /jquery.js - 304 Not Modified (36ms)


Started GET "/assets/application.css?body=1" for 10.0.2.2 at 2013-04-09 13:42:37 +0100
Served asset /application.css - 304 Not Modified (72ms)


Started GET "/assets/static_pages.css?body=1" for 10.0.2.2 at 2013-04-09 13:42:37 +0100
Served asset /static_pages.css - 304 Not Modified (4ms)


Started GET "/assets/custom.css?body=1" for 10.0.2.2 at 2013-04-09 13:42:37 +0100
Served asset /custom.css - 200 OK (72ms)


Started GET "/assets/static_pages.js?body=1" for 10.0.2.2 at 2013-04-09 13:42:37 +0100
Served asset /static_pages.js - 304 Not Modified (19ms)


Started GET "/assets/application.js?body=1" for 10.0.2.2 at 2013-04-09 13:42:37 +0100
Served asset /application.js - 304 Not Modified (47ms)


Started GET "/assets/rails.png" for 10.0.2.2 at 2013-04-09 13:42:37 +0100
Served asset /rails.png - 304 Not Modified (1ms)


Started GET "/static_pages/home" for 10.0.2.2 at 2013-04-09 13:44:16 +0100
Processing by StaticPagesController#home as HTML
  Rendered static_pages/home.html.erb within layouts/application (0.3ms)
Compiled custom.css  (1278ms)  (pid 1357)
Compiled application.css  (5ms)  (pid 1357)
Completed 200 OK in 1925ms (Views: 1924.4ms | ActiveRecord: 0.0ms)


Started GET "/assets/jquery.js?body=1" for 10.0.2.2 at 2013-04-09 13:44:18 +0100
Served asset /jquery.js - 304 Not Modified (4ms)


Started GET "/assets/jquery_ujs.js?body=1" for 10.0.2.2 at 2013-04-09 13:44:18 +0100
Served asset /jquery_ujs.js - 304 Not Modified (1ms)


Started GET "/assets/static_pages.css?body=1" for 10.0.2.2 at 2013-04-09 13:44:18 +0100
Served asset /static_pages.css - 304 Not Modified (11ms)


Started GET "/assets/custom.css?body=1" for 10.0.2.2 at 2013-04-09 13:44:18 +0100
Served asset /custom.css - 200 OK (43ms)


Started GET "/assets/application.css?body=1" for 10.0.2.2 at 2013-04-09 13:44:19 +0100
Served asset /application.css - 304 Not Modified (114ms)


Started GET "/assets/static_pages.js?body=1" for 10.0.2.2 at 2013-04-09 13:44:19 +0100
Served asset /static_pages.js - 304 Not Modified (5ms)


Started GET "/assets/application.js?body=1" for 10.0.2.2 at 2013-04-09 13:44:19 +0100
Served asset /application.js - 304 Not Modified (15ms)


Started GET "/assets/rails.png" for 10.0.2.2 at 2013-04-09 13:44:19 +0100
Served asset /rails.png - 304 Not Modified (1ms)


Started GET "/static_pages/home" for 10.0.2.2 at 2013-04-09 13:45:22 +0100
Processing by StaticPagesController#home as HTML
  Rendered static_pages/home.html.erb within layouts/application (0.4ms)
Compiled custom.css  (1302ms)  (pid 1357)
Compiled application.css  (4ms)  (pid 1357)
Completed 200 OK in 1956ms (Views: 1955.4ms | ActiveRecord: 0.0ms)


Started GET "/assets/jquery.js?body=1" for 10.0.2.2 at 2013-04-09 13:45:24 +0100
Served asset /jquery.js - 304 Not Modified (6ms)


Started GET "/assets/application.css?body=1" for 10.0.2.2 at 2013-04-09 13:45:24 +0100
Served asset /application.css - 304 Not Modified (99ms)


Started GET "/assets/custom.css?body=1" for 10.0.2.2 at 2013-04-09 13:45:24 +0100
Served asset /custom.css - 200 OK (47ms)


Started GET "/assets/static_pages.css?body=1" for 10.0.2.2 at 2013-04-09 13:45:25 +0100
Served asset /static_pages.css - 304 Not Modified (7ms)


Started GET "/assets/jquery_ujs.js?body=1" for 10.0.2.2 at 2013-04-09 13:45:25 +0100
Served asset /jquery_ujs.js - 304 Not Modified (0ms)


Started GET "/assets/static_pages.js?body=1" for 10.0.2.2 at 2013-04-09 13:45:25 +0100
Served asset /static_pages.js - 304 Not Modified (6ms)


Started GET "/assets/application.js?body=1" for 10.0.2.2 at 2013-04-09 13:45:25 +0100
Served asset /application.js - 304 Not Modified (14ms)


Started GET "/assets/rails.png" for 10.0.2.2 at 2013-04-09 13:45:25 +0100
Served asset /rails.png - 304 Not Modified (1ms)


Started GET "/static_pages/home" for 10.0.2.2 at 2013-04-09 15:12:09 +0100
Connecting to database specified by database.yml
Processing by StaticPagesController#home as HTML
  Rendered static_pages/home.html.erb within layouts/application (84.9ms)
Completed 200 OK in 1387ms (Views: 1385.7ms | ActiveRecord: 0.0ms)


Started GET "/assets/static_pages.js?body=1" for 10.0.2.2 at 2013-04-09 15:12:14 +0100
Served asset /static_pages.js - 304 Not Modified (69ms)


Started GET "/assets/custom.css?body=1" for 10.0.2.2 at 2013-04-09 15:12:14 +0100
Served asset /custom.css - 304 Not Modified (144ms)


Started GET "/assets/application.css?body=1" for 10.0.2.2 at 2013-04-09 15:12:15 +0100
Served asset /application.css - 304 Not Modified (151ms)


Started GET "/assets/jquery.js?body=1" for 10.0.2.2 at 2013-04-09 15:12:15 +0100
Served asset /jquery.js - 304 Not Modified (85ms)


Started GET "/assets/static_pages.css?body=1" for 10.0.2.2 at 2013-04-09 15:12:15 +0100
Served asset /static_pages.css - 304 Not Modified (82ms)


Started GET "/assets/jquery_ujs.js?body=1" for 10.0.2.2 at 2013-04-09 15:12:15 +0100
Served asset /jquery_ujs.js - 304 Not Modified (59ms)


Started GET "/assets/application.js?body=1" for 10.0.2.2 at 2013-04-09 15:12:16 +0100
Served asset /application.js - 304 Not Modified (106ms)


Started GET "/assets/rails.png" for 10.0.2.2 at 2013-04-09 15:12:16 +0100
Served asset /rails.png - 304 Not Modified (32ms)


Started GET "/static_pages/home" for 10.0.2.2 at 2013-04-09 15:26:53 +0100
Processing by StaticPagesController#home as HTML
  Rendered static_pages/home.html.erb within layouts/application (1.0ms)
Completed 500 Internal Server Error in 516ms

ActionView::Template::Error (Missing partial layouts/shim with {:locale=>[:en], :formats=>[:html], :handlers=>[:erb, :builder, :coffee]}. Searched in:
  * "/home/adrian/dsi/rails_projects/p7/app/views"
):
    5:     <%= stylesheet_link_tag    "application", media: "all" %>
    6:     <%= javascript_include_tag "application" %>
    7:     <%= csrf_meta_tags %>
    8:     <%= render 'layouts/shim' %>    
    9:   </head>
    10:   <body>
    11:     <%= render 'layouts/header' %>
  app/views/layouts/application.html.erb:8:in `_app_views_layouts_application_html_erb__723522779_86768000'


  Rendered /home/adrian/.rvm/gems/ruby-1.9.3-p385/gems/actionpack-3.2.12/lib/action_dispatch/middleware/templates/rescues/_trace.erb (4.2ms)
  Rendered /home/adrian/.rvm/gems/ruby-1.9.3-p385/gems/actionpack-3.2.12/lib/action_dispatch/middleware/templates/rescues/_request_and_response.erb (3.0ms)
  Rendered /home/adrian/.rvm/gems/ruby-1.9.3-p385/gems/actionpack-3.2.12/lib/action_dispatch/middleware/templates/rescues/template_error.erb within rescues/layout (50.3ms)


Started GET "/static_pages/home" for 10.0.2.2 at 2013-04-09 15:36:26 +0100
Processing by StaticPagesController#home as HTML
  Rendered static_pages/home.html.erb within layouts/application (0.8ms)
Compiled custom.css  (3465ms)  (pid 1319)
Compiled application.css  (9ms)  (pid 1319)
  Rendered layouts/_shim.html.erb (0.8ms)
  Rendered layouts/_header.html.erb (1.5ms)
  Rendered layouts/_footer.html.erb (1.3ms)
Completed 200 OK in 5009ms (Views: 5008.1ms | ActiveRecord: 0.0ms)


Started GET "/assets/application.css?body=1" for 10.0.2.2 at 2013-04-09 15:36:31 +0100
Served asset /application.css - 304 Not Modified (166ms)


Started GET "/assets/jquery_ujs.js?body=1" for 10.0.2.2 at 2013-04-09 15:36:31 +0100
Served asset /jquery_ujs.js - 304 Not Modified (8ms)


Started GET "/assets/jquery.js?body=1" for 10.0.2.2 at 2013-04-09 15:36:32 +0100
Served asset /jquery.js - 304 Not Modified (22ms)


Started GET "/assets/static_pages.js?body=1" for 10.0.2.2 at 2013-04-09 15:36:32 +0100
Served asset /static_pages.js - 304 Not Modified (12ms)


Started GET "/assets/static_pages.css?body=1" for 10.0.2.2 at 2013-04-09 15:36:32 +0100
Served asset /static_pages.css - 304 Not Modified (20ms)


Started GET "/assets/custom.css?body=1" for 10.0.2.2 at 2013-04-09 15:36:32 +0100
Served asset /custom.css - 200 OK (185ms)


Started GET "/assets/application.js?body=1" for 10.0.2.2 at 2013-04-09 15:36:32 +0100
Served asset /application.js - 304 Not Modified (49ms)


Started GET "/assets/rails.png" for 10.0.2.2 at 2013-04-09 15:36:33 +0100
Served asset /rails.png - 304 Not Modified (2ms)


Started GET "/static_pages/home" for 10.0.2.2 at 2013-04-09 15:46:33 +0100
Processing by StaticPagesController#home as HTML
  Rendered static_pages/home.html.erb within layouts/application (0.6ms)
Compiled custom.css  (2960ms)  (pid 1319)
Compiled application.css  (9ms)  (pid 1319)
  Rendered layouts/_shim.html.erb (0.1ms)
  Rendered layouts/_header.html.erb (0.4ms)
  Rendered layouts/_footer.html.erb (0.2ms)
Completed 200 OK in 4527ms (Views: 4526.5ms | ActiveRecord: 0.0ms)


Started GET "/assets/jquery_ujs.js?body=1" for 10.0.2.2 at 2013-04-09 15:46:38 +0100
Served asset /jquery_ujs.js - 304 Not Modified (10ms)


Started GET "/assets/static_pages.css?body=1" for 10.0.2.2 at 2013-04-09 15:46:38 +0100
Served asset /static_pages.css - 304 Not Modified (28ms)


Started GET "/assets/application.css?body=1" for 10.0.2.2 at 2013-04-09 15:46:39 +0100
Served asset /application.css - 304 Not Modified (175ms)


Started GET "/assets/custom.css?body=1" for 10.0.2.2 at 2013-04-09 15:46:39 +0100
Served asset /custom.css - 200 OK (102ms)


Started GET "/assets/static_pages.js?body=1" for 10.0.2.2 at 2013-04-09 15:46:39 +0100
Served asset /static_pages.js - 304 Not Modified (23ms)


Started GET "/assets/jquery.js?body=1" for 10.0.2.2 at 2013-04-09 15:46:39 +0100
Served asset /jquery.js - 304 Not Modified (12ms)


Started GET "/assets/application.js?body=1" for 10.0.2.2 at 2013-04-09 15:46:39 +0100
Served asset /application.js - 304 Not Modified (36ms)


Started GET "/assets/rails.png" for 10.0.2.2 at 2013-04-09 15:46:40 +0100
Served asset /rails.png - 304 Not Modified (3ms)


Started GET "/static_pages/home" for 10.0.2.2 at 2013-04-09 15:47:05 +0100
Processing by StaticPagesController#home as HTML
  Rendered static_pages/home.html.erb within layouts/application (0.7ms)
Compiled custom.css  (2973ms)  (pid 1319)
Compiled application.css  (9ms)  (pid 1319)
  Rendered layouts/_shim.html.erb (0.1ms)
  Rendered layouts/_header.html.erb (0.4ms)
  Rendered layouts/_footer.html.erb (0.2ms)
Completed 200 OK in 4481ms (Views: 4480.9ms | ActiveRecord: 0.0ms)


Started GET "/assets/static_pages.css?body=1" for 10.0.2.2 at 2013-04-09 15:47:10 +0100
Served asset /static_pages.css - 304 Not Modified (12ms)


Started GET "/assets/jquery_ujs.js?body=1" for 10.0.2.2 at 2013-04-09 15:47:10 +0100
Served asset /jquery_ujs.js - 304 Not Modified (11ms)


Started GET "/assets/application.css?body=1" for 10.0.2.2 at 2013-04-09 15:47:10 +0100
Served asset /application.css - 304 Not Modified (200ms)


Started GET "/assets/custom.css?body=1" for 10.0.2.2 at 2013-04-09 15:47:11 +0100
Served asset /custom.css - 200 OK (105ms)


Started GET "/assets/static_pages.js?body=1" for 10.0.2.2 at 2013-04-09 15:47:11 +0100
Served asset /static_pages.js - 304 Not Modified (24ms)


Started GET "/assets/jquery.js?body=1" for 10.0.2.2 at 2013-04-09 15:47:11 +0100
Served asset /jquery.js - 304 Not Modified (20ms)


Started GET "/assets/application.js?body=1" for 10.0.2.2 at 2013-04-09 15:47:11 +0100
Served asset /application.js - 304 Not Modified (39ms)


Started GET "/assets/rails.png" for 10.0.2.2 at 2013-04-09 15:47:12 +0100
Served asset /rails.png - 304 Not Modified (5ms)
